<?xml version="1.0" encoding="UTF-8"?>
<!-- Generated by org.testng.reporters.JUnitReportReporter -->
<testsuite skipped="0" hostname="LAPTOP-SBG8MLNP" name="com.testcase.Test_User_Role" tests="1" failures="0" timestamp="04 Jul 2019 10:57:43 GMT" time="9.912" errors="0">
  <testcase name="checkuserrole" time="9.912" classname="com.testcase.Test_User_Role"/>
</testsuite> <!-- com.testcase.Test_User_Role -->
